sample.interval=20000
"tryInline" "cmpCall" "cmp" "genCode" "cb$putconst" "cmpCallArgs" "cmpCallSymFun" "cmpCall" "cmp" "cmpSymbolAssign" "h" "tryInline" "cmpCall" "cmp" "h" "tryInline" "cmpCall" "cmp" "genCode" "cmpfun" "doTryCatch" "tryCatchOne" "tryCatchList" "tryCatch" "compiler:::tryCmpfun" "blockinv" 
"py_call_impl" "<Anonymous>" "do_la_worker" "do_la" "inv" "stopifnot_symbol" "as_character_matrix" "FUN" "lapply" "blockinv" 
"py_call_impl" "<Anonymous>" "do_la_worker" "do_la" "inv" "stopifnot_symbol" "as_character_matrix" "FUN" "lapply" "blockinv" 
"py_get_formals" "as.function.default" "<Anonymous>" "py_get_attr" "py_get_attr_or_item" "$.python.builtin.object" "$" "construct_symbol_from_pyobj" "doTryCatch" "tryCatchOne" "tryCatchList" "tryCatch" "try" "try_doit" "as_expr_worker" "as_character_matrix" "FUN" "lapply" "blockinv" 
"py_call_impl" "<Anonymous>" "do_la_worker" "do_la" "inv" "stopifnot_symbol" "as_character_matrix" "FUN" "lapply" "blockinv" 
"py_call_impl" "<Anonymous>" "do_la_worker" "do_la" "inv" "stopifnot_symbol" "as_character_matrix" "FUN" "lapply" "blockinv" 
"py_call_impl" "<Anonymous>" "construct_symbol_from_pyobj" "doTryCatch" "tryCatchOne" "tryCatchList" "tryCatch" "try" "try_doit" "as_expr_worker" "as_character_matrix" "blockinv" 
"py_call_impl" "<Anonymous>" "do_la_worker" "do_la" "inv" "stopifnot_symbol" "as_character_matrix" "FUN" "lapply" "blockinv" 
"py_call_impl" "<Anonymous>" "do_la_worker" "do_la" "inv" "stopifnot_symbol" "as_character_matrix" "FUN" "lapply" "blockinv" 
"py_call_impl" "<Anonymous>" "do_la_worker" "do_la" "inv" "stopifnot_symbol" "as_character_matrix" "FUN" "lapply" "blockinv" 
"py_call_impl" "<Anonymous>" "do_la_worker" "do_la" "inv" "stopifnot_symbol" "as_character_matrix" "FUN" "lapply" "blockinv" 
"py_str_impl" "py_str.python.builtin.object" "py_str" "as.character.python.builtin.object" "as.character" "as.character" "as_expr_worker" "as_character_matrix" "blockinv" 
"py_call_impl" "<Anonymous>" "do_la_worker" "do_la" "inv" "stopifnot_symbol" "as_character_matrix" "FUN" "lapply" "blockinv" 
"py_call_impl" "<Anonymous>" "do_la_worker" "do_la" "inv" "stopifnot_symbol" "as_character_matrix" "FUN" "lapply" "blockinv" 
"py_call_impl" "<Anonymous>" "do_la_worker" "do_la" "inv" "stopifnot_symbol" "as_character_matrix" "FUN" "lapply" "blockinv" 
"py_call_impl" "<Anonymous>" "do_la_worker" "do_la" "inv" "stopifnot_symbol" "as_character_matrix" "FUN" "lapply" "blockinv" 
"py_call_impl" "<Anonymous>" "do_la_worker" "do_la" "inv" "stopifnot_symbol" "as_character_matrix" "FUN" "lapply" "blockinv" 
"py_call_impl" "<Anonymous>" "do_la_worker" "do_la" "inv" "stopifnot_symbol" "as_character_matrix" "FUN" "lapply" "blockinv" 
"py_str_impl" "py_str.python.builtin.object" "py_str" "as.character.python.builtin.object" "as.character" "as.character" "as_expr_worker" "as_character_matrix" "FUN" "lapply" "blockinv" 
"py_call_impl" "<Anonymous>" "do_la_worker" "do_la" "inv" "stopifnot_symbol" "as_character_matrix" "FUN" "lapply" "blockinv" 
"py_call_impl" "<Anonymous>" "do_la_worker" "do_la" "inv" "stopifnot_symbol" "as_character_matrix" "FUN" "lapply" "blockinv" 
"$.python.builtin.object" "$" "construct_symbol_from_pyobj" "doTryCatch" "tryCatchOne" "tryCatchList" "tryCatch" "try" "try_doit" "as_expr_worker" "as_character_matrix" "FUN" "lapply" "blockinv" 
"py_call_impl" "<Anonymous>" "do_la_worker" "do_la" "inv" "stopifnot_symbol" "as_character_matrix" "FUN" "lapply" "blockinv" 
"py_call_impl" "<Anonymous>" "do_la_worker" "do_la" "inv" "stopifnot_symbol" "as_character_matrix" "FUN" "lapply" "blockinv" 
"stopifnot" "from_sy_mat" "as_expr_worker" "as_character_matrix" "FUN" "lapply" "blockinv" 
"py_call_impl" "<Anonymous>" "do_la_worker" "do_la" "inv" "stopifnot_symbol" "as_character_matrix" "FUN" "lapply" "blockinv" 
"py_call_impl" "<Anonymous>" "do_la_worker" "do_la" "inv" "stopifnot_symbol" "as_character_matrix" "FUN" "lapply" "blockinv" 
